<?xml version="1.0" encoding="UTF-8"?>
<!-- Generated by org.testng.reporters.JUnitReportReporter -->
<testsuite skipped="0" hostname="cod-PC" name="testSuite.Sample2" tests="6" failures="0" timestamp="30 Aug 2017 19:53:38 GMT" time="86.174" errors="0">
  <testcase name="report" time="0.018" classname="testSuite.Sample2"/>
  <testcase name="specification" time="62.915" classname="testSuite.Sample2"/>
  <testcase name="mobileEmulation" time="5.765" classname="testSuite.Sample2"/>
  <testcase name="mobileEmulation" time="5.343" classname="testSuite.Sample2"/>
  <testcase name="mobileEmulation" time="5.733" classname="testSuite.Sample2"/>
  <testcase name="mobileEmulation" time="6.400" classname="testSuite.Sample2"/>
</testsuite> <!-- testSuite.Sample2 -->
