<?xml version="1.0" encoding="UTF-8"?>
<!-- Generated by org.testng.reporters.JUnitReportReporter -->
<testsuite skipped="0" hostname="cod-PC" name="testSuite.Sample" tests="6" failures="0" timestamp="30 Aug 2017 13:22:46 GMT" time="83.569" errors="0">
  <testcase name="report" time="0.020" classname="testSuite.Sample"/>
  <testcase name="specification" time="62.942" classname="testSuite.Sample"/>
  <testcase name="mobileEmulation" time="5.474" classname="testSuite.Sample"/>
  <testcase name="mobileEmulation" time="5.068" classname="testSuite.Sample"/>
  <testcase name="mobileEmulation" time="5.064" classname="testSuite.Sample"/>
  <testcase name="mobileEmulation" time="5.001" classname="testSuite.Sample"/>
</testsuite> <!-- testSuite.Sample -->
